  Collision.cpp
  Engine.cpp
  GameStateManager.cpp
  Input.cpp
  logger.cpp
  Sprite.cpp
  Texture.cpp
C:\GitHub\Hen-s-Odyssey\Hen's Odyssey\Engine\Texture.cpp(46,37): warning C4244: '인수': 'double'에서 'int'(으)로 변환하면서 데이터가 손실될 수 있습니다.
C:\GitHub\Hen-s-Odyssey\Hen's Odyssey\Engine\Texture.cpp(46,30): warning C4244: '인수': 'double'에서 'int'(으)로 변환하면서 데이터가 손실될 수 있습니다.
C:\GitHub\Hen-s-Odyssey\Hen's Odyssey\Engine\Texture.cpp(46,27): warning C4244: '인수': 'double'에서 'int'(으)로 변환하면서 데이터가 손실될 수 있습니다.
C:\GitHub\Hen-s-Odyssey\Hen's Odyssey\Engine\Texture.cpp(46,24): warning C4244: '인수': 'double'에서 'int'(으)로 변환하면서 데이터가 손실될 수 있습니다.
  Vec2.cpp
  Window.cpp
  Hen.cpp
  Mode1.cpp
  Mode2.cpp
  Object.cpp
  Side_view.cpp
  Splash.cpp
  Top_view.cpp
  main.cpp
  코드를 생성하고 있습니다...
C:\GitHub\Hen-s-Odyssey\Hen's Odyssey\Engine\Engine.cpp(70): warning C4715: 'Engine::HasGameEnded': 모든 제어 경로에서 값을 반환하지는 않습니다.
  Hen's Odyssey.vcxproj -> C:\GitHub\Hen-s-Odyssey\Hen's Odyssey\x64\Debug\Hen's Odyssey.exe
